<?xml version="1.0" encoding="utf-8"?><testsuites name="pytest tests"><testsuite name="pytest" errors="0" failures="0" skipped="0" tests="5" time="3.261" timestamp="2026-08-31T17:48:33.635470+00:00" hostname="agent-env-db04add8-1b3d-44c0-ad28-d0ea59723186"><testcase classname="tests.test_iter31_live_tracking.TestLiveTracking" name="test_requires_auth" time="0.908" /><testcase classname="tests.test_iter31_live_tracking.TestScheduleTracking" name="test_list_has_tracking" time="1.435" /><testcase classname="tests.test_iter31_live_tracking.TestScheduleTracking" name="test_public_shift_page_data" time="0.241" /><testcase classname="tests.test_iter31_live_tracking.TestLiveTracking" name="test_shape" time="0.714" /><testcase classname="tests.test_iter31_live_tracking.TestClockInFlow" name="test_clock_in_shows_on_live_tracking" time="0.918" /></testsuite></testsuites>